<?xml version="1.0" encoding="UTF-8"?>
<!-- Generated by org.testng.reporters.JUnitReportReporter -->
<testsuite skipped="0" hostname="LAPTOP-5J17UUPN" name="FW_testng_testsuite.testclass3" tests="2" failures="0" timestamp="2020-01-21T23:18:57 IST" time="0.002" errors="0">
  <testcase name="tc_009" time="0.001" classname="FW_testng_testsuite.testclass3"/>
  <testcase name="tc_008" time="0.001" classname="FW_testng_testsuite.testclass3"/>
</testsuite> <!-- FW_testng_testsuite.testclass3 -->
