<?xml version="1.0" encoding="UTF-8"?>
<!-- Generated by org.testng.reporters.JUnitReportReporter -->
<testsuite skipped="0" hostname="LAPTOP-5J17UUPN" name="FW_Testnn_before_after_conditions.test2" tests="4" failures="0" timestamp="2020-01-23T11:58:07 IST" time="0.008" errors="0">
  <testcase name="tc_003" time="0.005" classname="FW_Testnn_before_after_conditions.test2"/>
  <testcase name="tc_005" time="0.000" classname="FW_Testnn_before_after_conditions.test2"/>
  <testcase name="tc_003" time="0.001" classname="FW_Testnn_before_after_conditions.test2"/>
  <testcase name="tc_005" time="0.002" classname="FW_Testnn_before_after_conditions.test2"/>
</testsuite> <!-- FW_Testnn_before_after_conditions.test2 -->
