<?xml version="1.0" encoding="UTF-8"?>
<!-- Generated by org.testng.reporters.JUnitReportReporter -->
<testsuite skipped="0" hostname="LAPTOP-5J17UUPN" name="FrameWork_testNG.Description" tests="3" failures="0" timestamp="2020-01-22T11:49:26 IST" time="0.002" errors="0">
  <testcase name="blank_validation" time="0.001" classname="FrameWork_testNG.Description"/>
  <testcase name="a" time="0.000" classname="FrameWork_testNG.Description"/>
  <testcase name="f" time="0.001" classname="FrameWork_testNG.Description"/>
</testsuite> <!-- FrameWork_testNG.Description -->
