<?xml version="1.0" encoding="UTF-8"?>
<!-- Generated by org.testng.reporters.JUnitReportReporter -->
<testsuite skipped="0" hostname="LAPTOP-5J17UUPN" name="FW_testng_testsuite.testclass1" tests="1" failures="0" timestamp="2020-01-21T23:18:57 IST" time="0.008" errors="0">
  <testcase name="tc_002" time="0.008" classname="FW_testng_testsuite.testclass1"/>
</testsuite> <!-- FW_testng_testsuite.testclass1 -->
