<?xml version="1.0" encoding="UTF-8"?>
<!-- Generated by org.testng.reporters.JUnitReportReporter -->
<testsuite skipped="0" hostname="LAPTOP-5J17UUPN" name="FrameWork_testNG.NewTest" tests="4" failures="0" timestamp="2020-01-22T11:49:26 IST" time="0.004" errors="0">
  <testcase name="tc001" time="0.001" classname="FrameWork_testNG.NewTest"/>
  <testcase name="tc002" time="0.001" classname="FrameWork_testNG.NewTest"/>
  <testcase name="tc004" time="0.001" classname="FrameWork_testNG.NewTest"/>
  <testcase name="tc003" time="0.001" classname="FrameWork_testNG.NewTest"/>
</testsuite> <!-- FrameWork_testNG.NewTest -->
