<?xml version="1.0" encoding="UTF-8"?>
<!-- Generated by org.testng.reporters.JUnitReportReporter -->
<testsuite skipped="0" hostname="LAPTOP-5J17UUPN" name="FW_testng_using_excelsheet.NewTest" tests="7" failures="0" timestamp="2020-01-28T11:58:32 IST" time="0.009" errors="0">
  <testcase name="f" time="0.001" classname="FW_testng_using_excelsheet.NewTest"/>
  <testcase name="f" time="0.007" classname="FW_testng_using_excelsheet.NewTest"/>
  <testcase name="f" time="0.000" classname="FW_testng_using_excelsheet.NewTest"/>
  <testcase name="f" time="0.000" classname="FW_testng_using_excelsheet.NewTest"/>
  <testcase name="f" time="0.001" classname="FW_testng_using_excelsheet.NewTest"/>
  <testcase name="f" time="0.000" classname="FW_testng_using_excelsheet.NewTest"/>
  <testcase name="f" time="0.000" classname="FW_testng_using_excelsheet.NewTest"/>
</testsuite> <!-- FW_testng_using_excelsheet.NewTest -->
