<?xml version="1.0" encoding="UTF-8"?>
<!-- Generated by org.testng.reporters.JUnitReportReporter -->
<testsuite skipped="0" hostname="LAPTOP-5J17UUPN" name="data_provider_and_test_listerner.dp" tests="4" failures="0" timestamp="2020-01-23T21:41:23 IST" time="0.009" errors="0">
  <testcase name="f" time="0.001" classname="data_provider_and_test_listerner.dp"/>
  <testcase name="f" time="0.001" classname="data_provider_and_test_listerner.dp"/>
  <testcase name="f" time="0.001" classname="data_provider_and_test_listerner.dp"/>
  <testcase name="f" time="0.006" classname="data_provider_and_test_listerner.dp"/>
</testsuite> <!-- data_provider_and_test_listerner.dp -->
