<?xml version="1.0" encoding="UTF-8"?>
<!-- Generated by org.testng.reporters.JUnitReportReporter -->
<testsuite skipped="0" hostname="LAPTOP-5J17UUPN" name="data_provider_and_test_listerner.login" tests="4" failures="0" timestamp="2020-01-24T11:53:49 IST" time="0.007" errors="0">
  <testcase name="f" time="0.001" classname="data_provider_and_test_listerner.login"/>
  <testcase name="f" time="0.001" classname="data_provider_and_test_listerner.login"/>
  <testcase name="f" time="0.000" classname="data_provider_and_test_listerner.login"/>
  <testcase name="f" time="0.005" classname="data_provider_and_test_listerner.login"/>
</testsuite> <!-- data_provider_and_test_listerner.login -->
