<?xml version="1.0" encoding="UTF-8"?>
<!-- Generated by org.testng.reporters.JUnitReportReporter -->
<testsuite skipped="0" hostname="LAPTOP-5J17UUPN" name="FrameWork_testNG.invacation" tests="10" failures="0" timestamp="2020-01-22T11:55:03 IST" time="2.002" errors="0">
  <testcase name="invoke" time="0.180" classname="FrameWork_testNG.invacation"/>
  <testcase name="invoke" time="0.270" classname="FrameWork_testNG.invacation"/>
  <testcase name="invoke" time="0.150" classname="FrameWork_testNG.invacation"/>
  <testcase name="invoke" time="0.132" classname="FrameWork_testNG.invacation"/>
  <testcase name="invoke" time="0.161" classname="FrameWork_testNG.invacation"/>
  <testcase name="invoke" time="0.197" classname="FrameWork_testNG.invacation"/>
  <testcase name="invoke" time="0.222" classname="FrameWork_testNG.invacation"/>
  <testcase name="invoke" time="0.278" classname="FrameWork_testNG.invacation"/>
  <testcase name="invoke" time="0.173" classname="FrameWork_testNG.invacation"/>
  <testcase name="invoke" time="0.239" classname="FrameWork_testNG.invacation"/>
</testsuite> <!-- FrameWork_testNG.invacation -->
