<?xml version="1.0" encoding="UTF-8"?>
<!-- Generated by org.testng.reporters.JUnitReportReporter -->
<testsuite skipped="0" hostname="LAPTOP-5J17UUPN" name="fW_Testng_Groups.testsuite2" tests="3" failures="0" timestamp="2020-01-21T21:00:10 IST" time="0.001" errors="0">
  <testcase name="tc_004" time="0.000" classname="fW_Testng_Groups.testsuite2"/>
  <testcase name="tc_006" time="0.001" classname="fW_Testng_Groups.testsuite2"/>
  <testcase name="tc_005" time="0.000" classname="fW_Testng_Groups.testsuite2"/>
</testsuite> <!-- fW_Testng_Groups.testsuite2 -->
