<?xml version="1.0" encoding="UTF-8"?>
<!-- Generated by org.testng.reporters.JUnitReportReporter -->
<testsuite skipped="0" hostname="LAPTOP-5J17UUPN" name="FW_testNG.NewTest" tests="4" failures="0" timestamp="2020-01-20T12:28:24 IST" time="0.010" errors="0">
  <testcase name="tc003" time="0.000" classname="FW_testNG.NewTest"/>
  <testcase name="tc004" time="0.001" classname="FW_testNG.NewTest"/>
  <testcase name="tc001" time="0.008" classname="FW_testNG.NewTest"/>
  <testcase name="tc002" time="0.001" classname="FW_testNG.NewTest"/>
</testsuite> <!-- FW_testNG.NewTest -->
