<?xml version="1.0" encoding="UTF-8"?>
<!-- Generated by org.testng.reporters.JUnitReportReporter -->
<testsuite skipped="0" hostname="LAPTOP-5J17UUPN" name="FW_Testng_crossbrowser_parameters.parameters" tests="4" failures="0" timestamp="2020-01-23T12:40:50 IST" time="15.002" errors="0">
  <testcase name="browername" time="2.812" classname="FW_Testng_crossbrowser_parameters.parameters"/>
  <testcase name="url_load" time="11.808" classname="FW_Testng_crossbrowser_parameters.parameters"/>
  <testcase name="login" time="0.243" classname="FW_Testng_crossbrowser_parameters.parameters"/>
  <testcase name="name" time="0.139" classname="FW_Testng_crossbrowser_parameters.parameters"/>
</testsuite> <!-- FW_Testng_crossbrowser_parameters.parameters -->
