<?xml version="1.0" encoding="UTF-8"?>
<!-- Generated by org.testng.reporters.JUnitReportReporter -->
<testsuite skipped="0" hostname="LAPTOP-5J17UUPN" name="data_provider_and_test_listerner.Data" tests="4" failures="0" timestamp="2020-01-24T00:07:57 IST" time="0.015" errors="0">
  <testcase name="enter_details" time="0.000" classname="data_provider_and_test_listerner.Data"/>
  <testcase name="enter_details" time="0.005" classname="data_provider_and_test_listerner.Data"/>
  <testcase name="enter_details" time="0.000" classname="data_provider_and_test_listerner.Data"/>
  <testcase name="enter_details" time="0.010" classname="data_provider_and_test_listerner.Data"/>
</testsuite> <!-- data_provider_and_test_listerner.Data -->
