<?xml version="1.0" encoding="UTF-8"?>
<!-- Generated by org.testng.reporters.JUnitReportReporter -->
<testsuite skipped="0" hostname="LAPTOP-5J17UUPN" name="FW_Testnn_before_after_conditions.test3" tests="1" failures="0" timestamp="2020-01-23T11:58:07 IST" time="0.001" errors="0">
  <testcase name="tc_006" time="0.001" classname="FW_Testnn_before_after_conditions.test3"/>
</testsuite> <!-- FW_Testnn_before_after_conditions.test3 -->
