<?xml version="1.0" encoding="UTF-8"?>
<!-- Generated by org.testng.reporters.JUnitReportReporter -->
<testsuite skipped="1" hostname="LAPTOP-5J17UUPN" name="FW_testng_using_excelsheet.Get_Dataprovider_From_Diff_Class" tests="1" failures="0" timestamp="2020-01-29T11:59:41 IST" time="0.000" errors="0">
  <testcase name="testname" time="0.000" classname="FW_testng_using_excelsheet.Get_Dataprovider_From_Diff_Class">
    <skipped/>
  </testcase> <!-- testname -->
</testsuite> <!-- FW_testng_using_excelsheet.Get_Dataprovider_From_Diff_Class -->
