<?xml version="1.0" encoding="UTF-8"?>
<!-- Generated by org.testng.reporters.JUnitReportReporter -->
<testsuite skipped="0" hostname="LAPTOP-5J17UUPN" name="fW_Testng_Groups.testsuite1" tests="3" failures="0" timestamp="2020-01-21T21:00:10 IST" time="0.016" errors="0">
  <testcase name="tc_003" time="0.000" classname="fW_Testng_Groups.testsuite1"/>
  <testcase name="tc_002" time="0.016" classname="fW_Testng_Groups.testsuite1"/>
  <testcase name="tc_001" time="0.000" classname="fW_Testng_Groups.testsuite1"/>
</testsuite> <!-- fW_Testng_Groups.testsuite1 -->
