<?xml version="1.0" encoding="UTF-8"?>
<!-- Generated by org.testng.reporters.JUnitReportReporter -->
<testsuite skipped="0" hostname="LAPTOP-5J17UUPN" name="fw.Testng.DP.Excel_integration.Excel_DataProvider_Intergration" tests="7" failures="0" timestamp="2020-01-28T11:36:59 IST" time="0.008" errors="0">
  <testcase name="f" time="0.001" classname="fw.Testng.DP.Excel_integration.Excel_DataProvider_Intergration"/>
  <testcase name="f" time="0.003" classname="fw.Testng.DP.Excel_integration.Excel_DataProvider_Intergration"/>
  <testcase name="f" time="0.001" classname="fw.Testng.DP.Excel_integration.Excel_DataProvider_Intergration"/>
  <testcase name="f" time="0.001" classname="fw.Testng.DP.Excel_integration.Excel_DataProvider_Intergration"/>
  <testcase name="f" time="0.001" classname="fw.Testng.DP.Excel_integration.Excel_DataProvider_Intergration"/>
  <testcase name="f" time="0.000" classname="fw.Testng.DP.Excel_integration.Excel_DataProvider_Intergration"/>
  <testcase name="f" time="0.001" classname="fw.Testng.DP.Excel_integration.Excel_DataProvider_Intergration"/>
</testsuite> <!-- fw.Testng.DP.Excel_integration.Excel_DataProvider_Intergration -->
