<?xml version="1.0" encoding="UTF-8"?>
<!-- Generated by org.testng.reporters.JUnitReportReporter -->
<testsuite skipped="0" hostname="LAPTOP-5J17UUPN" name="FrameWork_testNG.pre_post_conditions" tests="3" failures="0" timestamp="2020-01-22T11:49:26 IST" time="0.007" errors="0">
  <testcase name="tc_003" time="0.003" classname="FrameWork_testNG.pre_post_conditions"/>
  <testcase name="tc_002" time="0.002" classname="FrameWork_testNG.pre_post_conditions"/>
  <testcase name="tc_001" time="0.002" classname="FrameWork_testNG.pre_post_conditions"/>
</testsuite> <!-- FrameWork_testNG.pre_post_conditions -->
