<?xml version="1.0" encoding="UTF-8"?>
<!-- Generated by org.testng.reporters.JUnitReportReporter -->
<testsuite skipped="0" hostname="LAPTOP-5J17UUPN" name="FrameWork_testNG.Priority_method" tests="3" failures="0" timestamp="2020-01-22T11:49:26 IST" time="0.000" errors="0">
  <testcase name="f" time="0.000" classname="FrameWork_testNG.Priority_method"/>
  <testcase name="z" time="0.000" classname="FrameWork_testNG.Priority_method"/>
  <testcase name="a" time="0.000" classname="FrameWork_testNG.Priority_method"/>
</testsuite> <!-- FrameWork_testNG.Priority_method -->
