<?xml version="1.0" encoding="UTF-8"?>
<!-- Generated by org.testng.reporters.JUnitReportReporter -->
<testsuite skipped="0" hostname="LAPTOP-5J17UUPN" name="FrameWork_testNG.Dependencies" tests="4" failures="0" timestamp="2020-01-22T11:49:26 IST" time="0.003" errors="0">
  <testcase name="launch" time="0.000" classname="FrameWork_testNG.Dependencies"/>
  <testcase name="app_load" time="0.001" classname="FrameWork_testNG.Dependencies"/>
  <testcase name="compose_gmail" time="0.001" classname="FrameWork_testNG.Dependencies"/>
  <testcase name="send_mail" time="0.001" classname="FrameWork_testNG.Dependencies"/>
</testsuite> <!-- FrameWork_testNG.Dependencies -->
