<?xml version="1.0" encoding="UTF-8"?>
<!-- Generated by org.testng.reporters.JUnitReportReporter -->
<testsuite skipped="1" hostname="LAPTOP-5J17UUPN" name="FrameWork_testNG.Method_ignore" tests="3" failures="0" timestamp="2020-01-22T11:49:26 IST" time="0.007" errors="0">
  <testcase name="third" time="0.002" classname="FrameWork_testNG.Method_ignore"/>
  <testcase name="second" time="0.005" classname="FrameWork_testNG.Method_ignore"/>
  <testcase name="first" classname="FrameWork_testNG.Method_ignore">
    <skipped/>
  </testcase> <!-- first -->
</testsuite> <!-- FrameWork_testNG.Method_ignore -->
